[0.000000] (-) TimerEvent: {}
[0.000206] (-) JobUnselected: {'identifier': 'a1_description'}
[0.000479] (-) JobUnselected: {'identifier': 'aliengoZ1_description'}
[0.000502] (-) JobUnselected: {'identifier': 'aliengo_description'}
[0.000513] (-) JobUnselected: {'identifier': 'b1_description'}
[0.000523] (-) JobUnselected: {'identifier': 'blasfeo_catkin'}
[0.000532] (-) JobUnselected: {'identifier': 'cgal5_catkin'}
[0.000540] (-) JobUnselected: {'identifier': 'convex_plane_decomposition'}
[0.000548] (-) JobUnselected: {'identifier': 'convex_plane_decomposition_msgs'}
[0.000557] (-) JobUnselected: {'identifier': 'convex_plane_decomposition_ros'}
[0.000565] (-) JobUnselected: {'identifier': 'elevation_map_msgs'}
[0.000573] (-) JobUnselected: {'identifier': 'elevation_mapping'}
[0.000582] (-) JobUnselected: {'identifier': 'elevation_mapping_cupy'}
[0.000590] (-) JobUnselected: {'identifier': 'elevation_mapping_demos'}
[0.000598] (-) JobUnselected: {'identifier': 'go1_description'}
[0.000606] (-) JobUnselected: {'identifier': 'grid_map_filters_rsl'}
[0.000615] (-) JobUnselected: {'identifier': 'hpipm_catkin'}
[0.000623] (-) JobUnselected: {'identifier': 'hpp-fcl'}
[0.000632] (-) JobUnselected: {'identifier': 'ifopt'}
[0.000640] (-) JobUnselected: {'identifier': 'kindr'}
[0.000652] (-) JobUnselected: {'identifier': 'kindr_msgs'}
[0.000660] (-) JobUnselected: {'identifier': 'kindr_ros'}
[0.000668] (-) JobUnselected: {'identifier': 'kindr_rviz_plugins'}
[0.000677] (-) JobUnselected: {'identifier': 'laikago_description'}
[0.000685] (-) JobUnselected: {'identifier': 'legged_common'}
[0.000693] (-) JobUnselected: {'identifier': 'legged_control'}
[0.000701] (-) JobUnselected: {'identifier': 'legged_controllers'}
[0.000710] (-) JobUnselected: {'identifier': 'legged_estimation'}
[0.000718] (-) JobUnselected: {'identifier': 'legged_gazebo'}
[0.000726] (-) JobUnselected: {'identifier': 'legged_hw'}
[0.000734] (-) JobUnselected: {'identifier': 'legged_interface'}
[0.000742] (-) JobUnselected: {'identifier': 'legged_unitree_description'}
[0.000750] (-) JobUnselected: {'identifier': 'legged_unitree_hw'}
[0.000758] (-) JobUnselected: {'identifier': 'legged_wbc'}
[0.000767] (-) JobUnselected: {'identifier': 'librealsense2'}
[0.000775] (-) JobUnselected: {'identifier': 'message_logger'}
[0.000783] (-) JobUnselected: {'identifier': 'motor_ctrl'}
[0.000791] (-) JobUnselected: {'identifier': 'multi_dof_joint_trajectory_rviz_plugins'}
[0.000800] (-) JobUnselected: {'identifier': 'ocs2'}
[0.000809] (-) JobUnselected: {'identifier': 'ocs2_anymal'}
[0.000817] (-) JobUnselected: {'identifier': 'ocs2_anymal_commands'}
[0.000825] (-) JobUnselected: {'identifier': 'ocs2_anymal_loopshaping_mpc'}
[0.000833] (-) JobUnselected: {'identifier': 'ocs2_anymal_models'}
[0.000841] (-) JobUnselected: {'identifier': 'ocs2_anymal_mpc'}
[0.000850] (-) JobUnselected: {'identifier': 'ocs2_ballbot'}
[0.000858] (-) JobUnselected: {'identifier': 'ocs2_ballbot_mpcnet'}
[0.000866] (-) JobUnselected: {'identifier': 'ocs2_ballbot_ros'}
[0.000874] (-) JobUnselected: {'identifier': 'ocs2_cartpole'}
[0.000882] (-) JobUnselected: {'identifier': 'ocs2_cartpole_ros'}
[0.000890] (-) JobUnselected: {'identifier': 'ocs2_centroidal_model'}
[0.000899] (-) JobUnselected: {'identifier': 'ocs2_core'}
[0.000907] (-) JobUnselected: {'identifier': 'ocs2_ddp'}
[0.000915] (-) JobUnselected: {'identifier': 'ocs2_doc'}
[0.000923] (-) JobUnselected: {'identifier': 'ocs2_double_integrator'}
[0.000932] (-) JobUnselected: {'identifier': 'ocs2_double_integrator_ros'}
[0.000940] (-) JobUnselected: {'identifier': 'ocs2_frank_wolfe'}
[0.000948] (-) JobUnselected: {'identifier': 'ocs2_ipm'}
[0.000957] (-) JobUnselected: {'identifier': 'ocs2_legged_robot'}
[0.000965] (-) JobUnselected: {'identifier': 'ocs2_legged_robot_mpcnet'}
[0.000973] (-) JobUnselected: {'identifier': 'ocs2_legged_robot_raisim'}
[0.000981] (-) JobUnselected: {'identifier': 'ocs2_legged_robot_ros'}
[0.000990] (-) JobUnselected: {'identifier': 'ocs2_mobile_manipulator'}
[0.000998] (-) JobUnselected: {'identifier': 'ocs2_mobile_manipulator_ros'}
[0.001009] (-) JobUnselected: {'identifier': 'ocs2_mpc'}
[0.001018] (-) JobUnselected: {'identifier': 'ocs2_mpcnet'}
[0.001026] (-) JobUnselected: {'identifier': 'ocs2_mpcnet_core'}
[0.001034] (-) JobUnselected: {'identifier': 'ocs2_msgs'}
[0.001042] (-) JobUnselected: {'identifier': 'ocs2_oc'}
[0.001051] (-) JobUnselected: {'identifier': 'ocs2_ocs2'}
[0.001059] (-) JobUnselected: {'identifier': 'ocs2_perceptive'}
[0.001067] (-) JobUnselected: {'identifier': 'ocs2_pinocchio'}
[0.001075] (-) JobUnselected: {'identifier': 'ocs2_pinocchio_interface'}
[0.001084] (-) JobUnselected: {'identifier': 'ocs2_python_interface'}
[0.001092] (-) JobUnselected: {'identifier': 'ocs2_qp_solver'}
[0.001100] (-) JobUnselected: {'identifier': 'ocs2_quadrotor'}
[0.001108] (-) JobUnselected: {'identifier': 'ocs2_quadrotor_ros'}
[0.001116] (-) JobUnselected: {'identifier': 'ocs2_quadruped_interface'}
[0.001125] (-) JobUnselected: {'identifier': 'ocs2_quadruped_loopshaping_interface'}
[0.001136] (-) JobUnselected: {'identifier': 'ocs2_raisim'}
[0.001145] (-) JobUnselected: {'identifier': 'ocs2_raisim_core'}
[0.001153] (-) JobUnselected: {'identifier': 'ocs2_raisim_ros'}
[0.001162] (-) JobUnselected: {'identifier': 'ocs2_robotic_assets'}
[0.001170] (-) JobUnselected: {'identifier': 'ocs2_robotic_examples'}
[0.001178] (-) JobUnselected: {'identifier': 'ocs2_robotic_tools'}
[0.001186] (-) JobUnselected: {'identifier': 'ocs2_ros_interfaces'}
[0.001194] (-) JobUnselected: {'identifier': 'ocs2_self_collision'}
[0.001203] (-) JobUnselected: {'identifier': 'ocs2_self_collision_visualization'}
[0.001211] (-) JobUnselected: {'identifier': 'ocs2_slp'}
[0.001219] (-) JobUnselected: {'identifier': 'ocs2_sphere_approximation'}
[0.001228] (-) JobUnselected: {'identifier': 'ocs2_sqp'}
[0.001236] (-) JobUnselected: {'identifier': 'ocs2_switched_model_interface'}
[0.001244] (-) JobUnselected: {'identifier': 'ocs2_switched_model_msgs'}
[0.001252] (-) JobUnselected: {'identifier': 'ocs2_thirdparty'}
[0.001260] (-) JobUnselected: {'identifier': 'qpoases_catkin'}
[0.001268] (-) JobUnselected: {'identifier': 'realsense2_camera'}
[0.001277] (-) JobUnselected: {'identifier': 'realsense2_description'}
[0.001286] (-) JobUnselected: {'identifier': 'segmented_planes_terrain_model'}
[0.001294] (-) JobUnselected: {'identifier': 'towr'}
[0.001302] (-) JobUnselected: {'identifier': 'towr_ros'}
[0.001310] (-) JobUnselected: {'identifier': 'unitree_controller'}
[0.001318] (-) JobUnselected: {'identifier': 'unitree_gazebo'}
[0.001326] (-) JobUnselected: {'identifier': 'unitree_guide'}
[0.001334] (-) JobUnselected: {'identifier': 'unitree_legged_control'}
[0.001342] (-) JobUnselected: {'identifier': 'unitree_legged_msgs'}
[0.001350] (-) JobUnselected: {'identifier': 'unitree_legged_real'}
[0.001358] (-) JobUnselected: {'identifier': 'unitree_legged_sdk'}
[0.001366] (-) JobUnselected: {'identifier': 'unitree_move_base'}
[0.001374] (-) JobUnselected: {'identifier': 'z1_description'}
[0.001383] (-) EventReactorShutdown: {}
